<?xml version="1.0" encoding="UTF-8"?>
<!-- Generated by org.testng.reporters.JUnitReportReporter -->
<testsuite hostname="DESKTOP-R62C331" name="com.qa.flipkart.testcases.LoginPageTest" tests="3" failures="0" timestamp="17 Jul 2020 11:25:39 GMT" time="31.712" errors="0">
  <testcase name="verifyInvalidMobNoTest" time="8.377" classname="com.qa.flipkart.testcases.LoginPageTest"/>
  <testcase name="loginTest" time="14.867" classname="com.qa.flipkart.testcases.LoginPageTest"/>
  <testcase name="verifyInvalidPasswordTest" time="8.468" classname="com.qa.flipkart.testcases.LoginPageTest"/>
</testsuite> <!-- com.qa.flipkart.testcases.LoginPageTest -->
