<?xml version="1.0" encoding="UTF-8"?>
<!-- Generated by org.testng.reporters.JUnitReportReporter -->
<testsuite hostname="LAPTOP-702TIJFI" name="com.qa.flipkart.testcases.CartPageTest" tests="2" failures="0" timestamp="28 Jul 2020 08:11:29 GMT" time="74.820" errors="0">
  <testcase name="verifyCartPage" time="46.695" classname="com.qa.flipkart.testcases.CartPageTest"/>
  <testcase name="verifyShopnowBtn" time="28.125" classname="com.qa.flipkart.testcases.CartPageTest"/>
</testsuite> <!-- com.qa.flipkart.testcases.CartPageTest -->
