<?xml version="1.0" encoding="UTF-8"?>
<!-- Generated by org.testng.reporters.JUnitReportReporter -->
<testsuite hostname="DESKTOP-R62C331" name="com.qa.flipkart.testcases.SearchResultPageTest" tests="3" failures="0" timestamp="13 Jul 2020 16:37:00 GMT" time="0.425" errors="0">
  <testcase name="searchButtonIsDisplayedTest" time="0.142" classname="com.qa.flipkart.testcases.SearchResultPageTest"/>
  <testcase name="verifyTextboxLabelTest" time="0.220" classname="com.qa.flipkart.testcases.SearchResultPageTest"/>
  <testcase name="searchButtonIsEnabledTest" time="0.063" classname="com.qa.flipkart.testcases.SearchResultPageTest"/>
</testsuite> <!-- com.qa.flipkart.testcases.SearchResultPageTest -->
