<?xml version="1.0" encoding="UTF-8"?>
<!-- Generated by org.testng.reporters.JUnitReportReporter -->
<testsuite hostname="DESKTOP-R62C331" name="com.qa.flipkart.testcases.HomePageTest" tests="13" failures="0" timestamp="17 Jul 2020 11:28:08 GMT" time="23.203" errors="0">
  <testcase name="mouseHoverOnWomenTest" time="3.150" classname="com.qa.flipkart.testcases.HomePageTest"/>
  <testcase name="verifyTextboxLabelTest" time="0.058" classname="com.qa.flipkart.testcases.HomePageTest"/>
  <testcase name="mouseHoverOnuserNameLabelTest" time="2.204" classname="com.qa.flipkart.testcases.HomePageTest"/>
  <testcase name="mouseHoverOnHomeandFurnitureTest" time="2.140" classname="com.qa.flipkart.testcases.HomePageTest"/>
  <testcase name="mouseHoverOnSportAndBookTest" time="2.193" classname="com.qa.flipkart.testcases.HomePageTest"/>
  <testcase name="mouseHoverOnMoreTest" time="2.149" classname="com.qa.flipkart.testcases.HomePageTest"/>
  <testcase name="mouseHoverOnElectronicsTest" time="2.323" classname="com.qa.flipkart.testcases.HomePageTest"/>
  <testcase name="mouseHoverOnBabyAndKidTest" time="2.146" classname="com.qa.flipkart.testcases.HomePageTest"/>
  <testcase name="mouseHoverOnTVnandAppliancesTest" time="2.189" classname="com.qa.flipkart.testcases.HomePageTest"/>
  <testcase name="clickOnSearchTextboxTest" time="0.511" classname="com.qa.flipkart.testcases.HomePageTest"/>
  <testcase name="verifyHomepageTitleTest" time="0.060" classname="com.qa.flipkart.testcases.HomePageTest"/>
  <testcase name="flipkartLogoIsDisplayedTest" time="1.926" classname="com.qa.flipkart.testcases.HomePageTest"/>
  <testcase name="mouseHoverOnMenTest" time="2.154" classname="com.qa.flipkart.testcases.HomePageTest"/>
</testsuite> <!-- com.qa.flipkart.testcases.HomePageTest -->
