<?xml version="1.0" encoding="UTF-8"?>
<!-- Generated by org.testng.reporters.JUnitReportReporter -->
<testsuite hostname="LAPTOP-702TIJFI" name="com.qa.flipkart.testcases.LoginPageTest" tests="3" failures="0" timestamp="19 Jul 2020 06:23:25 GMT" time="251.091" errors="0">
  <testcase name="verifyInvalidPasswordTest" time="43.722" classname="com.qa.flipkart.testcases.LoginPageTest"/>
  <testcase name="verifyInvalidMobNoTest" time="175.328" classname="com.qa.flipkart.testcases.LoginPageTest"/>
  <testcase name="loginTest" time="32.041" classname="com.qa.flipkart.testcases.LoginPageTest"/>
</testsuite> <!-- com.qa.flipkart.testcases.LoginPageTest -->
