<?xml version="1.0" encoding="UTF-8"?>
<!-- Generated by org.testng.reporters.JUnitReportReporter -->
<testsuite hostname="LAPTOP-702TIJFI" name="com.qa.flipkart.testcases.CartPageTest" tests="2" failures="0" timestamp="27 Jul 2020 06:19:07 GMT" time="44.225" errors="0">
  <testcase name="verifyCartPage" time="22.446" classname="com.qa.flipkart.testcases.CartPageTest"/>
  <testcase name="verifyShopnowBtn" time="21.779" classname="com.qa.flipkart.testcases.CartPageTest"/>
</testsuite> <!-- com.qa.flipkart.testcases.CartPageTest -->
