<?xml version="1.0" encoding="UTF-8"?>
<!-- Generated by org.testng.reporters.JUnitReportReporter -->
<testsuite hostname="DESKTOP-R62C331" name="com.qa.flipkart.testcases.SearchPageTest" tests="5" failures="0" timestamp="17 Jul 2020 11:31:05 GMT" time="9.342" errors="0">
  <testcase name="verifySearchTextboxEnableTest" time="0.076" classname="com.qa.flipkart.testcases.SearchPageTest"/>
  <testcase name="verifySearchTextboxDisplayedTest" time="0.114" classname="com.qa.flipkart.testcases.SearchPageTest"/>
  <testcase name="searchButtonIsDisplayedTest" time="2.523" classname="com.qa.flipkart.testcases.SearchPageTest"/>
  <testcase name="verifyAutoSuggestTest" time="6.529" classname="com.qa.flipkart.testcases.SearchPageTest"/>
  <testcase name="searchButtonIsEnabledTest" time="0.100" classname="com.qa.flipkart.testcases.SearchPageTest"/>
</testsuite> <!-- com.qa.flipkart.testcases.SearchPageTest -->
