<?xml version="1.0" encoding="UTF-8"?>
<!-- Generated by org.testng.reporters.JUnitReportReporter -->
<testsuite hostname="DESKTOP-R62C331" name="com.qa.flipkart.testcases.SearchPageTest" tests="5" failures="0" timestamp="22 Jul 2020 13:14:34 GMT" time="3.561" errors="0">
  <testcase name="searchButtonIsEnabledTest" time="0.039" classname="com.qa.flipkart.testcases.SearchPageTest"/>
  <testcase name="searchButtonIsDisplayedTest" time="0.191" classname="com.qa.flipkart.testcases.SearchPageTest"/>
  <testcase name="verifySearchTextboxEnableTest" time="0.034" classname="com.qa.flipkart.testcases.SearchPageTest"/>
  <testcase name="verifySearchTextboxDisplayedTest" time="0.065" classname="com.qa.flipkart.testcases.SearchPageTest"/>
  <testcase name="verifyAutoSuggestTest" time="3.232" classname="com.qa.flipkart.testcases.SearchPageTest"/>
</testsuite> <!-- com.qa.flipkart.testcases.SearchPageTest -->
